<?xml version="1.0" encoding="UTF-8"?>
<!-- Generated by org.testng.reporters.JUnitXMLReporter -->
<testsuite ignored="0" hostname="LAPTOP-MLJ51ASL" failures="1" tests="1" name="edgetest" time="90.571" errors="0" timestamp="2024-10-11T11:36:45 IST">
  <testcase classname="testCases.TC001_AccountRegistrationTest" name="verify_account_registrtion" time="10.583">
    <failure type="java.lang.AssertionError" message="null">
      <![CDATA[java.lang.AssertionError: null
at testCases.TC001_AccountRegistrationTest.verify_account_registrtion(TC001_AccountRegistrationTest.java:48)
at java.base/java.util.ArrayList.forEach(ArrayList.java:1511)
... Removed 29 stack frames]]>
    </failure>
  </testcase> <!-- verify_account_registrtion -->
</testsuite> <!-- edgetest -->
