<?xml version="1.0" encoding="UTF-8"?>
<testng-results ignored="0" total="2" passed="2" failed="0" skipped="0">
  <reporter-output>
  </reporter-output>
  <suite started-at="2026-07-14T12:52:36 IST" name="Master Suite" finished-at="2026-07-14T12:53:06 IST" duration-ms="29652">
    <groups>
      <group name="Datadriven">
        <method signature="TC0003_LoginDDT.verify_loginDDT(java.lang.String,java.lang.String,java.lang.String)[pri:0, instance:testCases.TC0003_LoginDDT@5e0826e7]" name="verify_loginDDT" class="testCases.TC0003_LoginDDT"/>
      </group> <!-- Datadriven -->
    </groups>
    <test started-at="2026-07-14T12:52:36 IST" name="Test" finished-at="2026-07-14T12:53:06 IST" duration-ms="29652">
      <class name="testCases.TC0003_LoginDDT">
        <test-method is-config="true" signature="setup(java.lang.String,java.lang.String)[pri:0, instance:testCases.TC0003_LoginDDT@5e0826e7]" started-at="2026-07-14T12:52:37 IST" name="setup" finished-at="2026-07-14T12:52:44 IST" duration-ms="7323" status="PASS">
          <params>
            <param index="0">
              <value>
                <![CDATA[Windows]]>
              </value>
            </param>
            <param index="1">
              <value>
                <![CDATA[chrome]]>
              </value>
            </param>
          </params>
          <reporter-output>
          </reporter-output>
        </test-method> <!-- setup -->
        <test-method signature="verify_loginDDT(java.lang.String,java.lang.String,java.lang.String)[pri:0, instance:testCases.TC0003_LoginDDT@5e0826e7]" started-at="2026-07-14T12:52:45 IST" name="verify_loginDDT" data-provider="LoginData" finished-at="2026-07-14T12:52:56 IST" duration-ms="10099" status="PASS">
          <params>
            <param index="0">
              <value>
                <![CDATA[sde123@gmail.com]]>
              </value>
            </param>
            <param index="1">
              <value>
                <![CDATA[sde123]]>
              </value>
            </param>
            <param index="2">
              <value>
                <![CDATA[Valid]]>
              </value>
            </param>
          </params>
          <reporter-output>
          </reporter-output>
        </test-method> <!-- verify_loginDDT -->
        <test-method signature="verify_loginDDT(java.lang.String,java.lang.String,java.lang.String)[pri:0, instance:testCases.TC0003_LoginDDT@5e0826e7]" started-at="2026-07-14T12:52:56 IST" name="verify_loginDDT" data-provider="LoginData" finished-at="2026-07-14T12:53:06 IST" duration-ms="10024" status="PASS">
          <params>
            <param index="0">
              <value>
                <![CDATA[bhaviravi.19@gmail.com]]>
              </value>
            </param>
            <param index="1">
              <value>
                <![CDATA[Bhavi13!]]>
              </value>
            </param>
            <param index="2">
              <value>
                <![CDATA[Invalid]]>
              </value>
            </param>
          </params>
          <reporter-output>
          </reporter-output>
        </test-method> <!-- verify_loginDDT -->
        <test-method is-config="true" signature="tearDown()[pri:0, instance:testCases.TC0003_LoginDDT@5e0826e7]" started-at="2026-07-14T12:53:06 IST" name="tearDown" finished-at="2026-07-14T12:53:06 IST" duration-ms="268" status="PASS">
          <reporter-output>
          </reporter-output>
        </test-method> <!-- tearDown -->
      </class> <!-- testCases.TC0003_LoginDDT -->
    </test> <!-- Test -->
  </suite> <!-- Master Suite -->
</testng-results>
